2017-06-09 04:15:05,119 - Input: Thirty Suquía strain female rats were distributed  in groups: (A) control (intact), (B) injured,  (C) injured and treated with He-Ne laser, (D) injured and treated with Ga-As laser, (E) irradiated with He-Ne laser on the non-injured muscle, and (F) irradiated with Ga-As laser on the non-injured muscle. 
2017-06-09 04:16:33,404 - Input: Adult Sprague-Dawley rats were divided into two groups. In the control group, rats received 80 mg·kg-1 BBR, and in the drug-treated group, rats received 80 mg·kg-1 8-BBR-C16. 

2017-06-09 04:18:19,447 - Input: Conventional GP and NS-GP were subcutaneously implanted in the backs of 20 male Wistar rats (n=10). A control animal was assigned for each trial period. 


2017-06-09 04:18:45,044 - Input: Conventional GP and NS-GP were subcutaneously implanted in the backs of 20 male Wistar rats (n=10). A control animal was assigned for each trial period. 


2017-06-09 04:20:58,540 - Input: Conventional GP and NS-GP were subcutaneously implanted in the backs of 20 male Wistar rats (n=10). A control animal was assigned for each trial period. 



2017-06-09 04:21:24,962 - Input: Conventional GP and NS-GP were subcutaneously implanted in the backs of 20 male Wistar rats (n=10). A control animal was assigned for each trial period. 



2017-06-09 11:51:33,593 - Exception on /robots.txt [GET]
Traceback (most recent call last):
  File "/afs/inf.ed.ac.uk/user/s13/s1333293/.local/lib/python2.7/site-packages/flask/app.py", line 1988, in wsgi_app
  File "/afs/inf.ed.ac.uk/user/s13/s1333293/.local/lib/python2.7/site-packages/flask/app.py", line 1642, in full_dispatch_request
  File "/afs/inf.ed.ac.uk/user/s13/s1333293/.local/lib/python2.7/site-packages/flask/app.py", line 1746, in make_response
  File "/afs/inf.ed.ac.uk/user/s13/s1333293/.local/lib/python2.7/site-packages/werkzeug/wrappers.py", line 847, in force_type
  File "/afs/inf.ed.ac.uk/user/s13/s1333293/.local/lib/python2.7/site-packages/werkzeug/wrappers.py", line 56, in _run_wsgi_app
ImportError: No module named test
2017-06-09 13:55:25,941 - Input: The boy doesn't want to go.
2017-06-09 13:55:28,967 - Input: The boy doesn't want to go.
2017-06-09 13:56:08,094 - Input: Der Junge will nicht gehen.
2017-06-09 13:57:38,554 - Input: El chico come una manzana
2017-06-09 14:36:07,551 - Input: Some specialize in dealing with kidnapping and hostage-taking scenarios.
2017-06-09 14:36:43,399 - Input: Some specialize in working with bombs.
2017-06-09 14:41:34,110 - Input: Some specialize in witnessing this close by.
2017-06-09 14:41:58,960 - Input: Some specialize in witnessing this in a remarkable way.
2017-06-09 14:49:45,574 - Input:  Some specialize in dealing with kidnapping and hostage-taking scenarios.
2017-06-09 14:55:55,195 - Input: Singing loudly, the woman danced on the stage.
2017-06-09 15:00:06,946 - Input: He arrived and ran away.
2017-06-09 15:03:12,984 - Input: He arrived and left.
2017-06-09 15:05:27,636 - Input: He arrived and left.
2017-06-09 15:28:16,921 - Input: Leonard Nimoy plays Spock in the sci-fi show Star Trek.
2017-06-09 15:29:35,660 - Input: It was a picture of a boa constrictor in the act of swallowing an animal.
2017-06-09 15:31:36,928 - Input: After that they are not able to move , and they sleep through the six months that they need for digestion.
2017-06-10 13:18:18,770 - Input: He arrived and left.
2017-06-12 17:54:41,362 - Input: The boy doesn't want to go.
2017-06-12 17:55:20,557 - Input: Pixar, the company which Disney acquired, made Ratatouille.
2017-06-12 17:56:57,007 - Input: Pixar, la empresa que Disney adquirió, hizo Ratatouille.
2017-06-12 21:27:43,139 - Input: The boy doesn't want to go.
2017-06-12 21:27:46,646 - Input: The boy doesn't want to go.
2017-06-12 21:27:50,188 - Input: The boy doesn't want to go.
2017-06-12 22:03:13,812 - Exception on /robots.txt [GET]
Traceback (most recent call last):
  File "/afs/inf.ed.ac.uk/user/s13/s1333293/.local/lib/python2.7/site-packages/flask/app.py", line 1988, in wsgi_app
  File "/afs/inf.ed.ac.uk/user/s13/s1333293/.local/lib/python2.7/site-packages/flask/app.py", line 1642, in full_dispatch_request
  File "/afs/inf.ed.ac.uk/user/s13/s1333293/.local/lib/python2.7/site-packages/flask/app.py", line 1746, in make_response
  File "/afs/inf.ed.ac.uk/user/s13/s1333293/.local/lib/python2.7/site-packages/werkzeug/wrappers.py", line 847, in force_type
  File "/afs/inf.ed.ac.uk/user/s13/s1333293/.local/lib/python2.7/site-packages/werkzeug/wrappers.py", line 56, in _run_wsgi_app
ImportError: No module named test
2017-06-13 10:24:06,637 - Input: The boy doesn't want to go.
2017-06-13 10:24:14,592 - Input: The boy doesn't want to go.
2017-06-13 10:24:25,004 - Input: The boy doesn't want to go.
2017-06-13 10:24:50,564 - Input: The boy doesn't want to go.
2017-06-13 10:25:18,191 - Input: The boy doesn't want to go.
2017-06-13 11:11:21,371 - Input: The boy doesn't want to go.
2017-06-13 11:13:04,056 - Input: Pixar, the company which Disney acquired, made Ratatouille.
2017-06-13 11:14:26,486 - Input: Pixar, the company which Disney acquired, made Ratatouille
2017-06-13 11:15:00,011 - Input: Pixar, the company which Disney acquired, made Ratatouille.
2017-06-13 11:15:59,594 - Input: Pixar, the company which Disney acquired, made Ratatouille
2017-06-13 11:17:01,340 - Input: Pixar, the company which Disney acquired, made Ratatouille.
2017-06-14 23:17:31,056 - Input: The boy doesn't want to go.
2017-06-14 23:20:03,292 - Input: The boy doesn't want to go.
2017-06-15 08:40:53,985 - Input: The boy doesn't want to go.
2017-06-15 08:41:30,974 - Input: The boy doesn't want to go.
2017-06-15 08:41:55,832 - Input: The boy doesn't want to go.
2017-06-15 08:42:31,969 - Input: The boy doesn't want to go.
2017-06-15 10:25:56,167 - Input: The boy doesn't want to go.
2017-06-15 10:27:00,718 - Input: He arrived and drank.
2017-06-15 17:33:42,861 - Input: The boy doesn't want to go.
2017-06-15 17:41:40,315 - Input: The boy doesn't want to go.
2017-06-15 17:43:01,733 - Input: The boy who I know walks.
2017-06-15 17:44:37,150 - Input: The boy  walks.
2017-06-15 17:44:57,137 - Input: The boy  walks the dog.
2017-06-15 17:45:31,293 - Input: The dog, the boy likes.
2017-06-15 17:45:59,113 - Input: The dog the boy likes.
2017-06-15 17:50:45,890 - Input: The dog the boy likes walks.
2017-06-15 17:51:38,004 - Input: The dog that the boy likes walks.
2017-06-15 17:51:54,320 - Input: The dog that the boy likes barks.
2017-06-15 17:53:21,706 - Input: The boy wants to dance.
2017-06-15 18:12:55,607 - Input: The boy doesn't want to dance.
2017-06-15 21:59:02,361 - Input: Rupert Murdoch only owns 30 % of News Corp. A hostile bid is a lot easier going against 30 % then 37 % .
2017-06-15 21:59:23,337 - Input: Rupert Murdoch only owns 30 % of News Corp.  A hostile bid is a lot easier going against 30 % then 37 % .
2017-06-15 21:59:35,773 - Input: Rupert Murdoch only owns 30 % of News Corp .  A hostile bid is a lot easier going against 30 % then 37 % .
2017-06-15 23:46:16,982 - Input: The boy doesn't want to go.
2017-06-16 00:42:57,056 - Input: The boy doesn't want to go.
2017-06-16 00:43:21,804 - Input: The boy doesn't want to go.
2017-06-16 00:43:36,470 - Input: The boy wants to go.
2017-06-16 10:23:48,287 - Input: Abstract Meaning Representation (AMR; link) is a semantic representation language. An AMR is a single-rooted, directed graph representing the meaning of a sentence.
2017-06-16 10:23:56,188 - Input: Abstract Meaning Representation (AMR; link) is a semantic representation language .  An AMR is a single-rooted, directed graph representing the meaning of a sentence.
2017-06-16 10:25:13,742 - Input: In addition , in his complaint , it is said that Chinese people have already expressed their displeasure through demonstrations .
2017-06-16 11:00:12,955 - Input:  Zhou Jin said that his daughter, a little over two years old this year, had eaten Sanlu milk powder for over a year. Last September after the bloody feces appeared, family members took his daughter to the Yongzhou hospital for examination. The doctors informed them that "there is no better treatment method, just have her drink more water."
2017-06-16 12:06:44,312 - Input: The boy doesn't want to go.
2017-06-16 12:32:19,650 - Input: Regarding the " weathervane " of Ma Ying @-@ jeou 's stand , what other preparations should we make ?
2017-06-16 13:49:02,861 - Input: The boy doesn't want to go.
2017-06-16 14:25:33,735 - Input: The boy doesn't want to go.
2017-06-16 18:06:12,746 - Input: The boy doesn't want to go.
2017-06-16 18:11:17,091 - Input: The boy doesn't want the girl to hate him.
2017-06-16 18:12:00,857 - Input: The boy doesn't believe himself
2017-06-16 18:12:58,104 - Input: The boy doesn't want to go.
2017-06-16 18:13:05,105 - Input: The boy doesn't want to go .
2017-06-16 18:14:00,829 - Input: 我想吃米饭
2017-06-16 19:35:05,601 - Input: The boy doesn't want to go.
2017-06-17 00:09:13,870 - Input: The boy doesn't want to go.
2017-06-17 01:35:16,108 - Input: Kate does not want an apartment in Bronx.
2017-06-17 09:45:02,285 - Input: I have an apartment in Brooklyn.
2017-06-17 09:49:37,060 - Input: I'd like to book a trip to Atlantis from Caprica on Saturday, August 13, 2016 for 8 adults.
2017-06-17 09:50:53,994 - Input: I have a tight budget of 1700.
2017-06-17 09:51:30,755 - Input: I have a tight budget of 1700 dollars.
2017-06-17 09:51:45,927 - Input: I have a tight budget of $1700.
2017-06-17 09:52:39,652 - Input: I have a tight budget of $1700.
2017-06-17 10:37:06,783 - Input: Are there any possible flights with economy class?
